TN:
SF:src\controllers\admin.controller.ts
FN:10,(anonymous_0)
FN:43,(anonymous_1)
FN:66,(anonymous_2)
FN:83,(anonymous_3)
FN:106,(anonymous_4)
FN:129,(anonymous_5)
FN:160,(anonymous_6)
FN:190,(anonymous_7)
FN:210,(anonymous_8)
FNF:9
FNH:4
FNDA:0,(anonymous_0)
FNDA:2,(anonymous_1)
FNDA:1,(anonymous_2)
FNDA:0,(anonymous_3)
FNDA:0,(anonymous_4)
FNDA:0,(anonymous_5)
FNDA:0,(anonymous_6)
FNDA:2,(anonymous_7)
FNDA:1,(anonymous_8)
DA:6,1
DA:7,1
DA:10,1
DA:11,0
DA:12,0
DA:13,0
DA:14,0
DA:17,0
DA:32,0
DA:36,0
DA:38,0
DA:39,0
DA:43,1
DA:44,2
DA:45,2
DA:46,2
DA:47,2
DA:49,1
DA:54,1
DA:59,1
DA:61,0
DA:62,0
DA:66,1
DA:67,1
DA:68,1
DA:70,1
DA:75,1
DA:77,0
DA:78,0
DA:83,1
DA:84,0
DA:85,0
DA:86,0
DA:87,0
DA:89,0
DA:97,0
DA:99,0
DA:101,0
DA:102,0
DA:106,1
DA:107,0
DA:108,0
DA:109,0
DA:110,0
DA:112,0
DA:120,0
DA:122,0
DA:124,0
DA:125,0
DA:129,1
DA:130,0
DA:131,0
DA:132,0
DA:133,0
DA:135,0
DA:151,0
DA:153,0
DA:155,0
DA:156,0
DA:160,1
DA:161,0
DA:162,0
DA:163,0
DA:164,0
DA:166,0
DA:182,0
DA:183,0
DA:185,0
DA:186,0
DA:190,1
DA:191,2
DA:192,2
DA:195,2
DA:196,1
DA:199,1
DA:203,1
DA:205,0
DA:206,0
DA:210,1
DA:211,1
DA:212,1
DA:214,1
DA:219,1
DA:221,0
DA:222,0
LF:85
LH:32
BRDA:12,0,0,0
BRDA:12,0,1,0
BRDA:47,1,0,1
BRDA:47,1,1,1
BRDA:85,2,0,0
BRDA:85,2,1,0
BRDA:108,3,0,0
BRDA:108,3,1,0
BRDA:131,4,0,0
BRDA:131,4,1,0
BRDA:162,5,0,0
BRDA:162,5,1,0
BRDA:195,6,0,1
BRDA:195,6,1,1
BRF:14
BRH:4
end_of_record
TN:
SF:src\controllers\eo.controller.ts
FN:4,(anonymous_0)
FN:27,(anonymous_1)
FN:64,(anonymous_2)
FN:99,(anonymous_3)
FN:150,(anonymous_4)
FN:203,(anonymous_5)
FN:220,(anonymous_6)
FN:267,(anonymous_7)
FN:275,(anonymous_8)
FN:276,(anonymous_9)
FN:291,(anonymous_10)
FN:313,(anonymous_11)
FN:337,(anonymous_12)
FN:366,(anonymous_13)
FN:400,(anonymous_14)
FN:402,(anonymous_15)
FNF:16
FNH:3
FNDA:0,(anonymous_0)
FNDA:3,(anonymous_1)
FNDA:4,(anonymous_2)
FNDA:5,(anonymous_3)
FNDA:0,(anonymous_4)
FNDA:0,(anonymous_5)
FNDA:0,(anonymous_6)
FNDA:0,(anonymous_7)
FNDA:0,(anonymous_8)
FNDA:0,(anonymous_9)
FNDA:0,(anonymous_10)
FNDA:0,(anonymous_11)
FNDA:0,(anonymous_12)
FNDA:0,(anonymous_13)
FNDA:0,(anonymous_14)
FNDA:0,(anonymous_15)
DA:4,1
DA:5,0
DA:6,0
DA:20,0
DA:22,0
DA:23,0
DA:27,1
DA:28,3
DA:29,3
DA:30,3
DA:33,3
DA:44,3
DA:45,1
DA:48,2
DA:49,1
DA:52,1
DA:59,0
DA:60,0
DA:64,1
DA:65,4
DA:66,4
DA:67,4
DA:70,4
DA:75,4
DA:76,1
DA:79,3
DA:80,1
DA:83,2
DA:84,1
DA:87,1
DA:92,1
DA:94,0
DA:95,0
DA:99,1
DA:100,5
DA:101,5
DA:102,5
DA:104,5
DA:105,1
DA:109,4
DA:113,4
DA:114,3
DA:115,1
DA:116,2
DA:117,1
DA:120,1
DA:129,1
DA:133,1
DA:142,1
DA:144,0
DA:145,0
DA:150,1
DA:151,0
DA:152,0
DA:154,0
DA:155,0
DA:157,0
DA:160,0
DA:161,0
DA:165,0
DA:166,0
DA:167,0
DA:168,0
DA:169,0
DA:170,0
DA:173,0
DA:176,0
DA:177,0
DA:179,0
DA:180,0
DA:181,0
DA:182,0
DA:186,0
DA:190,0
DA:203,0
DA:212,0
DA:214,0
DA:215,0
DA:220,1
DA:221,0
DA:222,0
DA:223,0
DA:225,0
DA:226,0
DA:227,0
DA:230,0
DA:231,0
DA:235,0
DA:259,0
DA:260,0
DA:264,0
DA:265,0
DA:267,0
DA:268,0
DA:269,0
DA:270,0
DA:275,0
DA:276,0
DA:277,0
DA:289,0
DA:291,0
DA:292,0
DA:294,0
DA:295,0
DA:297,0
DA:298,0
DA:299,0
DA:301,0
DA:313,0
DA:316,0
DA:330,0
DA:332,0
DA:333,0
DA:337,1
DA:338,0
DA:339,0
DA:340,0
DA:341,0
DA:342,0
DA:344,0
DA:346,0
DA:347,0
DA:350,0
DA:355,0
DA:356,0
DA:359,0
DA:361,0
DA:362,0
DA:366,1
DA:367,0
DA:368,0
DA:369,0
DA:370,0
DA:371,0
DA:373,0
DA:375,0
DA:376,0
DA:380,0
DA:392,0
DA:393,0
DA:396,0
DA:399,0
DA:400,0
DA:401,0
DA:402,0
DA:403,0
DA:405,0
DA:407,0
DA:415,0
DA:416,0
DA:422,0
DA:424,0
DA:425,0
LF:153
LH:44
BRDA:44,0,0,1
BRDA:44,0,1,2
BRDA:48,1,0,1
BRDA:48,1,1,1
BRDA:55,2,0,1
BRDA:55,2,1,0
BRDA:75,3,0,1
BRDA:75,3,1,3
BRDA:79,4,0,1
BRDA:79,4,1,2
BRDA:83,5,0,1
BRDA:83,5,1,1
BRDA:104,6,0,1
BRDA:104,6,1,4
BRDA:104,7,0,5
BRDA:104,7,1,4
BRDA:113,8,0,3
BRDA:113,8,1,1
BRDA:114,9,0,1
BRDA:114,9,1,2
BRDA:116,10,0,1
BRDA:116,10,1,1
BRDA:124,11,0,1
BRDA:124,11,1,0
BRDA:137,12,0,1
BRDA:137,12,1,0
BRDA:155,13,0,0
BRDA:155,13,1,0
BRDA:160,14,0,0
BRDA:160,14,1,0
BRDA:160,15,0,0
BRDA:160,15,1,0
BRDA:160,15,2,0
BRDA:160,15,3,0
BRDA:167,16,0,0
BRDA:167,16,1,0
BRDA:177,17,0,0
BRDA:177,17,1,0
BRDA:180,18,0,0
BRDA:180,18,1,0
BRDA:182,19,0,0
BRDA:182,19,1,0
BRDA:194,20,0,0
BRDA:194,20,1,0
BRDA:226,21,0,0
BRDA:226,21,1,0
BRDA:226,22,0,0
BRDA:226,22,1,0
BRDA:226,22,2,0
BRDA:230,23,0,0
BRDA:230,23,1,0
BRDA:230,24,0,0
BRDA:230,24,1,0
BRDA:259,25,0,0
BRDA:259,25,1,0
BRDA:268,26,0,0
BRDA:268,26,1,0
BRDA:268,27,0,0
BRDA:268,27,1,0
BRDA:276,28,0,0
BRDA:276,28,1,0
BRDA:276,28,2,0
BRDA:292,29,0,0
BRDA:292,29,1,0
BRDA:292,30,0,0
BRDA:292,30,1,0
BRDA:297,31,0,0
BRDA:297,31,1,0
BRDA:303,32,0,0
BRDA:303,32,1,0
BRDA:307,33,0,0
BRDA:307,33,1,0
BRDA:340,34,0,0
BRDA:340,34,1,0
BRDA:344,35,0,0
BRDA:344,35,1,0
BRDA:344,36,0,0
BRDA:344,36,1,0
BRDA:346,37,0,0
BRDA:346,37,1,0
BRDA:346,38,0,0
BRDA:346,38,1,0
BRDA:355,39,0,0
BRDA:355,39,1,0
BRDA:369,40,0,0
BRDA:369,40,1,0
BRDA:373,41,0,0
BRDA:373,41,1,0
BRDA:373,42,0,0
BRDA:373,42,1,0
BRDA:375,43,0,0
BRDA:375,43,1,0
BRDA:375,44,0,0
BRDA:375,44,1,0
BRDA:392,45,0,0
BRDA:392,45,1,0
BRDA:401,46,0,0
BRDA:401,46,1,0
BRDA:402,47,0,0
BRDA:402,47,1,0
BRDA:402,47,2,0
BRDA:415,48,0,0
BRDA:415,48,1,0
BRF:103
BRH:23
end_of_record
TN:
SF:src\controllers\event.controller.ts
FN:7,(anonymous_0)
FN:41,(anonymous_1)
FN:48,(anonymous_2)
FN:93,(anonymous_3)
FN:120,(anonymous_4)
FN:158,(anonymous_5)
FN:198,(anonymous_6)
FN:257,(anonymous_7)
FNF:8
FNH:5
FNDA:4,(anonymous_0)
FNDA:6,(anonymous_1)
FNDA:6,(anonymous_2)
FNDA:2,(anonymous_3)
FNDA:2,(anonymous_4)
FNDA:0,(anonymous_5)
FNDA:0,(anonymous_6)
FNDA:0,(anonymous_7)
DA:7,1
DA:8,4
DA:9,4
DA:11,4
DA:13,3
DA:14,3
DA:15,3
DA:17,2
DA:18,1
DA:21,1
DA:24,1
DA:32,1
DA:35,0
DA:36,0
DA:41,1
DA:42,6
DA:43,6
DA:45,6
DA:47,6
DA:48,6
DA:49,6
DA:53,6
DA:54,5
DA:56,4
DA:57,1
DA:61,3
DA:62,3
DA:64,3
DA:65,1
DA:68,2
DA:69,1
DA:72,1
DA:78,1
DA:87,1
DA:93,2
DA:101,1
DA:105,1
DA:108,1
DA:114,5
DA:115,5
DA:120,1
DA:121,2
DA:122,2
DA:124,2
DA:126,2
DA:127,2
DA:139,2
DA:140,1
DA:142,1
DA:145,1
DA:146,1
DA:147,1
DA:150,1
DA:152,0
DA:153,0
DA:158,1
DA:159,0
DA:161,0
DA:162,0
DA:164,0
DA:165,0
DA:182,0
DA:184,0
DA:185,0
DA:186,0
DA:187,0
DA:191,0
DA:193,0
DA:194,0
DA:198,1
DA:199,0
DA:201,0
DA:202,0
DA:206,0
DA:207,0
DA:210,0
DA:211,0
DA:214,0
DA:215,0
DA:223,0
DA:224,0
DA:243,0
DA:244,0
DA:246,0
DA:251,0
DA:252,0
DA:257,1
DA:258,0
DA:260,0
DA:261,0
DA:264,0
DA:265,0
DA:282,0
DA:283,0
DA:286,0
DA:288,0
DA:289,0
LF:97
LH:54
BRDA:11,0,0,1
BRDA:11,0,1,3
BRDA:15,1,0,1
BRDA:15,1,1,2
BRDA:17,2,0,1
BRDA:17,2,1,1
BRDA:45,3,0,0
BRDA:45,3,1,6
BRDA:53,4,0,1
BRDA:53,4,1,5
BRDA:54,5,0,1
BRDA:54,5,1,4
BRDA:56,6,0,1
BRDA:56,6,1,3
BRDA:62,7,0,0
BRDA:62,7,1,3
BRDA:64,8,0,1
BRDA:64,8,1,2
BRDA:68,9,0,1
BRDA:68,9,1,1
BRDA:115,10,0,1
BRDA:115,10,1,4
BRDA:115,11,0,5
BRDA:115,11,1,0
BRDA:124,12,0,0
BRDA:124,12,1,2
BRDA:139,13,0,1
BRDA:139,13,1,1
BRDA:140,14,0,0
BRDA:140,14,1,1
BRDA:162,15,0,0
BRDA:162,15,1,0
BRDA:206,16,0,0
BRDA:206,16,1,0
BRDA:206,17,0,0
BRDA:206,17,1,0
BRDA:210,18,0,0
BRDA:210,18,1,0
BRDA:210,19,0,0
BRDA:210,19,1,0
BRDA:214,20,0,0
BRDA:214,20,1,0
BRDA:214,21,0,0
BRDA:214,21,1,0
BRDA:226,22,0,0
BRDA:226,22,1,0
BRDA:244,23,0,0
BRDA:244,23,1,0
BRDA:244,24,0,0
BRDA:244,24,1,0
BRDA:260,25,0,0
BRDA:260,25,1,0
BRDA:260,26,0,0
BRDA:260,26,1,0
BRDA:282,27,0,0
BRDA:282,27,1,0
BRF:56
BRH:25
end_of_record
TN:
SF:src\middleware\auth.middleware.ts
FN:11,(anonymous_0)
FNF:1
FNH:1
FNDA:6,(anonymous_0)
DA:11,1
DA:12,6
DA:14,6
DA:15,2
DA:18,4
DA:20,4
DA:21,1
DA:24,3
DA:25,3
DA:26,1
DA:29,2
DA:30,2
DA:35,1
DA:36,1
DA:38,1
LF:15
LH:15
BRDA:14,0,0,2
BRDA:14,0,1,4
BRDA:14,1,0,6
BRDA:14,1,1,5
BRDA:20,2,0,1
BRDA:20,2,1,3
BRDA:25,3,0,1
BRDA:25,3,1,2
BRF:8
BRH:8
end_of_record
TN:
SF:src\middleware\role.middleware.ts
FN:4,(anonymous_0)
FN:18,(anonymous_1)
FNF:2
FNH:2
FNDA:3,(anonymous_0)
FNDA:3,(anonymous_1)
DA:4,1
DA:5,3
DA:7,3
DA:8,1
DA:11,2
DA:12,1
DA:15,1
DA:18,1
DA:19,3
DA:21,3
DA:22,1
DA:25,2
DA:26,1
DA:29,1
LF:14
LH:14
BRDA:7,0,0,1
BRDA:7,0,1,2
BRDA:11,1,0,1
BRDA:11,1,1,1
BRDA:21,2,0,1
BRDA:21,2,1,2
BRDA:25,3,0,1
BRDA:25,3,1,1
BRF:8
BRH:8
end_of_record
TN:
SF:src\services\auth.service.ts
FN:12,(anonymous_0)
FN:35,(anonymous_1)
FN:51,(anonymous_2)
FNF:3
FNH:3
FNDA:3,(anonymous_0)
FNDA:2,(anonymous_1)
FNDA:5,(anonymous_2)
DA:6,1
DA:7,1
DA:8,1
DA:11,1
DA:13,3
DA:14,3
DA:16,2
DA:17,2
DA:19,1
DA:25,1
DA:36,2
DA:37,2
DA:38,1
DA:41,1
DA:42,1
DA:53,5
DA:58,5
DA:59,5
DA:61,4
DA:62,4
DA:63,4
DA:65,4
DA:68,3
DA:70,3
DA:72,2
DA:74,2
DA:76,1
DA:82,1
DA:94,3
DA:100,3
LF:30
LH:30
BRDA:14,0,0,1
BRDA:14,0,1,2
BRDA:17,1,0,1
BRDA:17,1,1,1
BRDA:37,2,0,1
BRDA:37,2,1,1
BRDA:59,3,0,1
BRDA:59,3,1,4
BRDA:63,4,0,4
BRDA:63,4,1,1
BRDA:65,5,0,1
BRDA:65,5,1,3
BRDA:70,6,0,2
BRDA:70,6,1,1
BRDA:74,7,0,1
BRDA:74,7,1,1
BRF:16
BRH:16
end_of_record
